[  0%] Built target geometry_msgs_generate_messages_eus
[  0%] Built target rosgraph_msgs_generate_messages_cpp
[  0%] Built target geometry_msgs_generate_messages_py
[  0%] Built target rosgraph_msgs_generate_messages_eus
[  0%] Built target dynamic_reconfigure_generate_messages_cpp
[  0%] Built target std_msgs_generate_messages_eus
[ 10%] Built target franka_example_controllers_gencfg
[ 10%] Built target geometry_msgs_generate_messages_nodejs
[ 10%] Built target geometry_msgs_generate_messages_cpp
[ 10%] Built target geometry_msgs_generate_messages_lisp
[ 10%] Built target roscpp_generate_messages_nodejs
[ 10%] Built target roscpp_generate_messages_eus
[ 10%] Built target rosgraph_msgs_generate_messages_lisp
[ 10%] Built target roscpp_generate_messages_cpp
[ 10%] Built target roscpp_generate_messages_py
[ 10%] Built target rosgraph_msgs_generate_messages_py
[ 10%] Built target roscpp_generate_messages_lisp
[ 10%] Built target std_msgs_generate_messages_py
[ 10%] Built target std_msgs_generate_messages_cpp
[ 10%] Built target rosgraph_msgs_generate_messages_nodejs
[ 10%] Built target dynamic_reconfigure_generate_messages_lisp
[ 10%] Built target dynamic_reconfigure_generate_messages_nodejs
[ 10%] Built target _franka_example_controllers_generate_messages_check_deps_JointTorqueComparison
[ 10%] Built target std_msgs_generate_messages_nodejs
[ 10%] Built target dynamic_reconfigure_gencfg
[ 10%] Built target std_msgs_generate_messages_lisp
[ 10%] Built target dynamic_reconfigure_generate_messages_eus
[ 10%] Built target dynamic_reconfigure_generate_messages_py
[ 21%] Built target franka_example_controllers_generate_messages_nodejs
[ 26%] Built target franka_example_controllers_generate_messages_eus
[ 31%] Built target franka_example_controllers_generate_messages_lisp
[ 36%] Built target franka_example_controllers_generate_messages_cpp
[ 47%] Built target franka_example_controllers_generate_messages_py
[ 47%] Built target franka_example_controllers_gencpp
[ 47%] Built target franka_example_controllers_generate_messages
[100%] Built target franka_example_controllers
