In file included from [01m[K/opt/ros/noetic/include/ros/ros.h:40[m[K,
                 from [01m[K/opt/ros/noetic/include/urdf/model.h:50[m[K,
                 from [01m[K/opt/ros/noetic/include/moveit/robot_model/robot_model.h:42[m[K,
                 from [01m[K/opt/ros/noetic/include/moveit/robot_state/robot_state.h:40[m[K,
                 from [01m[K/opt/ros/noetic/include/moveit/move_group_interface/move_group_interface.h:41[m[K,
                 from [01m[K/home/ardangle/sim_grasp_ws/src/benchmarking_vision_based_grasping/panda_simulation/src/robot_control_node.cpp:2[m[K:
[01m[K/home/ardangle/sim_grasp_ws/src/benchmarking_vision_based_grasping/panda_simulation/src/robot_control_node.cpp:[m[K In function ‘[01m[Kint main(int, char**)[m[K’:
[01m[K/home/ardangle/sim_grasp_ws/src/benchmarking_vision_based_grasping/panda_simulation/src/robot_control_node.cpp:88:16:[m[K [01;35m[Kwarning: [m[Kformat ‘[01m[K%s[m[K’ expects argument of type ‘[01m[Kchar*[m[K’, but argument 8 has type ‘[01m[Kstd::string[m[K’ {aka ‘[01m[Kstd::__cxx11::basic_string<char>[m[K’} [[01;35m[K-Wformat=[m[K]
   88 |       ROS_INFO([01;35m[K"Creating %s collision objects directory."[m[K, path);
      |                [01;35m[K^~~~~~~~~~~~~~~~~~~~~~~~~~~~~~~~~~~~~~~~~~[m[K
[01m[K/opt/ros/noetic/include/ros/console.h:351:165:[m[K [01;36m[Knote: [m[Kin definition of macro ‘[01m[KROSCONSOLE_PRINT_AT_LOCATION_WITH_FILTER[m[K’
  351 |     ::ros::console::print(filter, __rosconsole_define_location__loc.logger_, __rosconsole_define_location__loc.level_, __FILE__, __LINE__, __ROSCONSOLE_FUNCTION__, [01;36m[K__VA_ARGS__[m[K)
      |                                                                                                                                                                     [01;36m[K^~~~~~~~~~~[m[K
[01m[K/opt/ros/noetic/include/ros/console.h:390:7:[m[K [01;36m[Knote: [m[Kin expansion of macro ‘[01m[KROSCONSOLE_PRINT_AT_LOCATION[m[K’
  390 |       [01;36m[KROSCONSOLE_PRINT_AT_LOCATION[m[K(__VA_ARGS__); \
      |       [01;36m[K^~~~~~~~~~~~~~~~~~~~~~~~~~~~[m[K
[01m[K/opt/ros/noetic/include/ros/console.h:575:35:[m[K [01;36m[Knote: [m[Kin expansion of macro ‘[01m[KROS_LOG_COND[m[K’
  575 | #define ROS_LOG(level, name, ...) [01;36m[KROS_LOG_COND[m[K(true, level, name, __VA_ARGS__)
      |                                   [01;36m[K^~~~~~~~~~~~[m[K
[01m[K/opt/ros/noetic/include/rosconsole/macros_generated.h:110:23:[m[K [01;36m[Knote: [m[Kin expansion of macro ‘[01m[KROS_LOG[m[K’
  110 | #define ROS_INFO(...) [01;36m[KROS_LOG[m[K(::ros::console::levels::Info, ROSCONSOLE_DEFAULT_NAME, __VA_ARGS__)
      |                       [01;36m[K^~~~~~~[m[K
[01m[K/home/ardangle/sim_grasp_ws/src/benchmarking_vision_based_grasping/panda_simulation/src/robot_control_node.cpp:88:7:[m[K [01;36m[Knote: [m[Kin expansion of macro ‘[01m[KROS_INFO[m[K’
   88 |       [01;36m[KROS_INFO[m[K("Creating %s collision objects directory.", path);
      |       [01;36m[K^~~~~~~~[m[K
[01m[K/home/ardangle/sim_grasp_ws/src/benchmarking_vision_based_grasping/panda_simulation/src/robot_control_node.cpp:88:27:[m[K [01;36m[Knote: [m[Kformat string is defined here
   88 |       ROS_INFO("Creating [01;36m[K%s[m[K collision objects directory.", path);
      |                          [01;36m[K~^[m[K
      |                           [01;36m[K|[m[K
      |                           [01;36m[Kchar*[m[K
[01m[K/home/ardangle/sim_grasp_ws/src/benchmarking_vision_based_grasping/panda_simulation/src/robot_control_node.cpp:127:74:[m[K [01;35m[Kwarning: [m[Kpassing ‘[01m[Kconst _frame_id_type[m[K’ {aka ‘[01m[Kconst std::__cxx11::basic_string<char>[m[K’} as ‘[01m[Kthis[m[K’ argument discards qualifiers [[01;35m[K-fpermissive[m[K]
  127 |       collision_object.header.frame_id = move_group_arm.getPlanningFrame([01;35m[K)[m[K;
      |                                                                          [01;35m[K^[m[K
In file included from [01m[K/usr/include/c++/9/string:55[m[K,
                 from [01m[K/usr/include/jsoncpp/json/config.h:9[m[K,
                 from [01m[K/usr/include/jsoncpp/json/autolink.h:9[m[K,
                 from [01m[K/usr/include/jsoncpp/json/json.h:9[m[K,
                 from [01m[K/home/ardangle/sim_grasp_ws/src/benchmarking_vision_based_grasping/panda_simulation/src/robot_control_node.cpp:1[m[K:
[01m[K/usr/include/c++/9/bits/basic_string.h:669:7:[m[K [01;36m[Knote: [m[K  in call to ‘[01m[Kstd::__cxx11::basic_string<_CharT, _Traits, _Alloc>& std::__cxx11::basic_string<_CharT, _Traits, _Alloc>::operator=(const std::__cxx11::basic_string<_CharT, _Traits, _Alloc>&) [with _CharT = char; _Traits = std::char_traits<char>; _Alloc = std::allocator<char>][m[K’
  669 |       [01;36m[Koperator[m[K=(const basic_string& __str)
      |       [01;36m[K^~~~~~~~[m[K
